In file included from [01m[K/opt/ros/noetic/include/ros/ros.h:40[m[K,
                 from [01m[K/home/cz_linux/Documents/Deviation_Considered_Planning/src/simulation_module/flight_logger/include/flight_logger/logger.h:11[m[K,
                 from [01m[K/home/cz_linux/Documents/Deviation_Considered_Planning/src/simulation_module/flight_logger/src/logger.cpp:1[m[K:
[01m[K/home/cz_linux/Documents/Deviation_Considered_Planning/src/simulation_module/flight_logger/src/logger.cpp:[m[K In member function ‘[01m[Kvoid FlightLogger::logData(double, std::vector<std::__cxx11::basic_string<char> >, std::vector<double>)[m[K’:
[01m[K/home/cz_linux/Documents/Deviation_Considered_Planning/src/simulation_module/flight_logger/src/logger.cpp:67:22:[m[K [01;35m[Kwarning: [m[Kformat ‘[01m[K%s[m[K’ expects argument of type ‘[01m[Kchar*[m[K’, but argument 8 has type ‘[01m[Kstd::__cxx11::basic_string<char>[m[K’ [[01;35m[K-Wformat=[m[K]
   67 |             ROS_WARN([01;35m[K"Tag [%s] not in the data list."[m[K, t);
      |                      [01;35m[K^~~~~~~~~~~~~~~~~~~~~~~~~~~~~~~~[m[K
[01m[K/opt/ros/noetic/include/ros/console.h:351:165:[m[K [01;36m[Knote: [m[Kin definition of macro ‘[01m[KROSCONSOLE_PRINT_AT_LOCATION_WITH_FILTER[m[K’
  351 |     ::ros::console::print(filter, __rosconsole_define_location__loc.logger_, __rosconsole_define_location__loc.level_, __FILE__, __LINE__, __ROSCONSOLE_FUNCTION__, [01;36m[K__VA_ARGS__[m[K)
      |                                                                                                                                                                     [01;36m[K^~~~~~~~~~~[m[K
[01m[K/opt/ros/noetic/include/ros/console.h:390:7:[m[K [01;36m[Knote: [m[Kin expansion of macro ‘[01m[KROSCONSOLE_PRINT_AT_LOCATION[m[K’
  390 |       [01;36m[KROSCONSOLE_PRINT_AT_LOCATION[m[K(__VA_ARGS__); \
      |       [01;36m[K^~~~~~~~~~~~~~~~~~~~~~~~~~~~[m[K
[01m[K/opt/ros/noetic/include/ros/console.h:575:35:[m[K [01;36m[Knote: [m[Kin expansion of macro ‘[01m[KROS_LOG_COND[m[K’
  575 | #define ROS_LOG(level, name, ...) [01;36m[KROS_LOG_COND[m[K(true, level, name, __VA_ARGS__)
      |                                   [01;36m[K^~~~~~~~~~~~[m[K
[01m[K/opt/ros/noetic/include/rosconsole/macros_generated.h:162:23:[m[K [01;36m[Knote: [m[Kin expansion of macro ‘[01m[KROS_LOG[m[K’
  162 | #define ROS_WARN(...) [01;36m[KROS_LOG[m[K(::ros::console::levels::Warn, ROSCONSOLE_DEFAULT_NAME, __VA_ARGS__)
      |                       [01;36m[K^~~~~~~[m[K
[01m[K/home/cz_linux/Documents/Deviation_Considered_Planning/src/simulation_module/flight_logger/src/logger.cpp:67:13:[m[K [01;36m[Knote: [m[Kin expansion of macro ‘[01m[KROS_WARN[m[K’
   67 |             [01;36m[KROS_WARN[m[K("Tag [%s] not in the data list.", t);
      |             [01;36m[K^~~~~~~~[m[K
[01m[K/home/cz_linux/Documents/Deviation_Considered_Planning/src/simulation_module/flight_logger/src/logger.cpp:67:29:[m[K [01;36m[Knote: [m[Kformat string is defined here
   67 |             ROS_WARN("Tag [[01;36m[K%s[m[K] not in the data list.", t);
      |                            [01;36m[K~^[m[K
      |                             [01;36m[K|[m[K
      |                             [01;36m[Kchar*[m[K
