[ 12%] [32mBuilding CXX object CMakeFiles/dap_global_map_process.dir/src/global_map_process.cpp.o[0m
[ 25%] [32mBuilding CXX object CMakeFiles/dap_polytraj_optimizer.dir/src/polytraj_optimizer.cpp.o[0m
[ 25%] Built target std_msgs_generate_messages_cpp
[ 25%] Built target roscpp_generate_messages_nodejs
[ 25%] Built target rosgraph_msgs_generate_messages_eus
[ 37%] [32mBuilding CXX object CMakeFiles/dap_reference_manager.dir/src/reference_manager.cpp.o[0m
[ 37%] Built target rosgraph_msgs_generate_messages_cpp
[ 37%] Built target rosgraph_msgs_generate_messages_nodejs
[ 37%] Built target std_msgs_generate_messages_nodejs
[ 37%] Built target roscpp_generate_messages_py
[ 37%] Built target std_msgs_generate_messages_eus
[ 37%] Built target rosgraph_msgs_generate_messages_lisp
[ 37%] Built target rosgraph_msgs_generate_messages_py
[ 37%] Built target roscpp_generate_messages_cpp
[ 37%] Built target roscpp_generate_messages_eus
[ 37%] Built target std_msgs_generate_messages_lisp
[ 37%] Built target roscpp_generate_messages_lisp
[ 37%] Built target std_msgs_generate_messages_py
[ 37%] Built target pcl_ros_gencfg
[ 37%] Built target dynamic_reconfigure_generate_messages_lisp
[ 37%] Built target dynamic_reconfigure_generate_messages_cpp
[ 37%] Built target dynamic_reconfigure_generate_messages_py
[ 37%] Built target dynamic_reconfigure_generate_messages_nodejs
[ 37%] Built target dynamic_reconfigure_generate_messages_eus
[ 37%] Built target dynamic_reconfigure_gencfg
[ 37%] Built target geometry_msgs_generate_messages_cpp
[ 37%] Built target geometry_msgs_generate_messages_eus
[ 37%] Built target geometry_msgs_generate_messages_lisp
[ 37%] Built target geometry_msgs_generate_messages_nodejs
[ 37%] Built target nodelet_generate_messages_cpp
[ 37%] Built target geometry_msgs_generate_messages_py
[ 37%] Built target nodelet_generate_messages_nodejs
[ 37%] Built target nodelet_generate_messages_eus
[ 37%] Built target nodelet_generate_messages_lisp
[ 37%] Built target nodelet_generate_messages_py
[ 37%] Built target bond_generate_messages_eus
[ 37%] Built target bond_generate_messages_cpp
[ 37%] Built target bond_generate_messages_nodejs
[ 37%] Built target bond_generate_messages_lisp
[ 37%] Built target bond_generate_messages_py
[ 37%] Built target pcl_msgs_generate_messages_cpp
[ 37%] Built target nodelet_topic_tools_gencfg
[ 37%] Built target pcl_msgs_generate_messages_eus
[ 37%] Built target pcl_msgs_generate_messages_lisp
[ 37%] Built target pcl_msgs_generate_messages_py
[ 37%] Built target sensor_msgs_generate_messages_cpp
[ 37%] Built target pcl_msgs_generate_messages_nodejs
[ 37%] Built target sensor_msgs_generate_messages_eus
[ 37%] Built target sensor_msgs_generate_messages_py
[ 37%] Built target sensor_msgs_generate_messages_nodejs
[ 37%] Built target std_srvs_generate_messages_cpp
[ 37%] Built target std_srvs_generate_messages_lisp
[ 37%] Built target std_srvs_generate_messages_eus
[ 37%] Built target sensor_msgs_generate_messages_lisp
[ 37%] Built target std_srvs_generate_messages_nodejs
[ 37%] Built target std_srvs_generate_messages_py
[ 37%] Built target topic_tools_generate_messages_cpp
[ 37%] Built target topic_tools_generate_messages_lisp
[ 37%] Built target topic_tools_generate_messages_py
[ 37%] Built target topic_tools_generate_messages_eus
[ 37%] Built target tf_generate_messages_py
[ 37%] Built target tf_generate_messages_eus
[ 37%] Built target tf_generate_messages_lisp
[ 37%] Built target tf_generate_messages_cpp
[ 37%] Built target tf_generate_messages_nodejs
[ 37%] Built target topic_tools_generate_messages_nodejs
[ 37%] Built target actionlib_generate_messages_cpp
[ 37%] Built target actionlib_generate_messages_eus
[ 37%] Built target actionlib_generate_messages_lisp
[ 37%] Built target actionlib_generate_messages_nodejs
[ 37%] Built target actionlib_generate_messages_py
[ 37%] Built target actionlib_msgs_generate_messages_cpp
[ 37%] Built target actionlib_msgs_generate_messages_eus
[ 37%] Built target actionlib_msgs_generate_messages_nodejs
[ 37%] Built target actionlib_msgs_generate_messages_lisp
[ 37%] Built target tf2_msgs_generate_messages_cpp
[ 37%] Built target actionlib_msgs_generate_messages_py
[ 37%] Built target tf2_msgs_generate_messages_nodejs
[ 37%] Built target tf2_msgs_generate_messages_lisp
[ 37%] Built target tf2_msgs_generate_messages_eus
[ 37%] Built target visualization_msgs_generate_messages_cpp
[ 37%] Built target tf2_msgs_generate_messages_py
[ 37%] Built target visualization_msgs_generate_messages_lisp
[ 37%] Built target visualization_msgs_generate_messages_eus
[ 37%] Built target visualization_msgs_generate_messages_nodejs
[ 37%] Built target visualization_msgs_generate_messages_py
[ 50%] [32m[1mLinking CXX shared library /home/cz_linux/Documents/Deviation_Considered_Planning/devel/.private/disturbance_aware_planner/lib/libdap_reference_manager.so[0m
[ 50%] Built target dap_reference_manager
[ 62%] [32m[1mLinking CXX shared library /home/cz_linux/Documents/Deviation_Considered_Planning/devel/.private/disturbance_aware_planner/lib/libdap_polytraj_optimizer.so[0m
[ 62%] Built target dap_polytraj_optimizer
[ 75%] [32m[1mLinking CXX shared library /home/cz_linux/Documents/Deviation_Considered_Planning/devel/.private/disturbance_aware_planner/lib/libdap_global_map_process.so[0m
[ 75%] Built target dap_global_map_process
[ 87%] [32m[1mLinking CXX executable /home/cz_linux/Documents/Deviation_Considered_Planning/devel/.private/disturbance_aware_planner/lib/disturbance_aware_planner/dap_node[0m
/usr/bin/ld: /home/cz_linux/Documents/Deviation_Considered_Planning/devel/.private/disturbance_aware_planner/lib/disturbance_aware_planner/dap_node: hidden symbol `_ZN3fmt3v106detail10vformat_toIcEEvRNS1_6bufferIT_EENS0_17basic_string_viewIS4_EENS1_12vformat_argsIS4_E4typeENS1_10locale_refE' in /usr/local/lib/libfmt.a(format.cc.o) is referenced by DSO
/usr/bin/ld: æœ€åçš„é“¾ç»“å¤±è´¥: bad value
collect2: error: ld returned 1 exit status
make[2]: *** [CMakeFiles/dap_node.dir/build.make:220ï¼š/home/cz_linux/Documents/Deviation_Considered_Planning/devel/.private/disturbance_aware_planner/lib/disturbance_aware_planner/dap_node] é”™è¯¯ 1
make[1]: *** [CMakeFiles/Makefile2:2678ï¼šCMakeFiles/dap_node.dir/all] é”™è¯¯ 2
make: *** [Makefile:146ï¼šall] é”™è¯¯ 2
