In file included from [01m[K/opt/ros/noetic/include/ros/ros.h:40[m[K,
                 from [01m[K/home/cz_linux/Documents/Deviation_Considered_Planning/src/planning_module/disturbance_aware_planner/include/disturbance_aware_planner/commander_node.h:10[m[K,
                 from [01m[K/home/cz_linux/Documents/Deviation_Considered_Planning/src/planning_module/disturbance_aware_planner/src/commander_node.cpp:1[m[K:
[01m[K/home/cz_linux/Documents/Deviation_Considered_Planning/src/planning_module/disturbance_aware_planner/src/commander_node.cpp:[m[K In member function ‘[01m[Kvoid disturbance_aware_planner::FlightCommander::timer2Cb(const ros::TimerEvent&)[m[K’:
[01m[K/home/cz_linux/Documents/Deviation_Considered_Planning/src/planning_module/disturbance_aware_planner/src/commander_node.cpp:194:18:[m[K [01;35m[Kwarning: [m[Kformat ‘[01m[K%d[m[K’ expects argument of type ‘[01m[Kint[m[K’, but argument 10 has type ‘[01m[KEigen::EigenBase<Eigen::Matrix<double, -1, 4> >::Index[m[K’ {aka ‘[01m[Klong int[m[K’} [[01;35m[K-Wformat=[m[K]
  194 |         ROS_INFO([01;35m[K"Time alloc[%d]: %f; sfc[%d] size: %ld"[m[K, i, tmp_times[i], [32m[Ktmp_sfcs[i].size()[m[K);
      |                  [01;35m[K^~~~~~~~~~~~~~~~~~~~~~~~~~~~~~~~~~~~~~~[m[K                   [32m[K~~~~~~~~~~~~~~~~~~[m[K
      |                                                                                            [32m[K|[m[K
      |                                                                                            [32m[KEigen::EigenBase<Eigen::Matrix<double, -1, 4> >::Index {aka long int}[m[K
[01m[K/home/cz_linux/Documents/Deviation_Considered_Planning/src/planning_module/disturbance_aware_planner/src/commander_node.cpp:194:44:[m[K [01;36m[Knote: [m[Kformat string is defined here
  194 |         ROS_INFO("Time alloc[%d]: %f; sfc[[01;36m[K%d[m[K] size: %ld", i, tmp_times[i], tmp_sfcs[i].size());
      |                                           [01;36m[K~^[m[K
      |                                            [01;36m[K|[m[K
      |                                            [01;36m[Kint[m[K
      |                                           [32m[K%ld[m[K
In file included from [01m[K/opt/ros/noetic/include/ros/ros.h:40[m[K,
                 from [01m[K/home/cz_linux/Documents/Deviation_Considered_Planning/src/planning_module/disturbance_aware_planner/include/disturbance_aware_planner/commander_node.h:10[m[K,
                 from [01m[K/home/cz_linux/Documents/Deviation_Considered_Planning/src/planning_module/disturbance_aware_planner/src/commander_node.cpp:1[m[K:
[01m[K/home/cz_linux/Documents/Deviation_Considered_Planning/src/planning_module/disturbance_aware_planner/src/commander_node.cpp:194:18:[m[K [01;35m[Kwarning: [m[Kformat ‘[01m[K%ld[m[K’ expects a matching ‘[01m[Klong int[m[K’ argument [[01;35m[K-Wformat=[m[K]
  194 |         ROS_INFO([01;35m[K"Time alloc[%d]: %f; sfc[%d] size: %ld"[m[K, i, tmp_times[i], tmp_sfcs[i].size());
      |                  [01;35m[K^~~~~~~~~~~~~~~~~~~~~~~~~~~~~~~~~~~~~~~[m[K
[01m[K/home/cz_linux/Documents/Deviation_Considered_Planning/src/planning_module/disturbance_aware_planner/src/commander_node.cpp:194:55:[m[K [01;36m[Knote: [m[Kformat string is defined here
  194 |         ROS_INFO("Time alloc[%d]: %f; sfc[%d] size: [01;36m[K%ld[m[K", i, tmp_times[i], tmp_sfcs[i].size());
      |                                                     [01;36m[K~~^[m[K
      |                                                       [01;36m[K|[m[K
      |                                                       [01;36m[Klong int[m[K
