[ 20%] [32mBuilding CXX object CMakeFiles/grid_map_planner.dir/src/planner_interface.cpp.o[0m
In file included from [01m[K/opt/ros/noetic/include/ros/ros.h:40[m[K,
                 from [01m[K/home/cz_linux/Documents/Deviation_Considered_Planning/src/planning_module/grid_map_planner/include/grid_map_planner/planner_interface.h:6[m[K,
                 from [01m[K/home/cz_linux/Documents/Deviation_Considered_Planning/src/planning_module/grid_map_planner/src/planner_interface.cpp:1[m[K:
[01m[K/home/cz_linux/Documents/Deviation_Considered_Planning/src/planning_module/grid_map_planner/src/planner_interface.cpp:[m[K In constructor ‘[01m[KGridMapPlanner::GridMapPlanner(ros::NodeHandle*)[m[K’:
[01m[K/home/cz_linux/Documents/Deviation_Considered_Planning/src/planning_module/grid_map_planner/src/planner_interface.cpp:17:18:[m[K [01;35m[Kwarning: [m[Kformat ‘[01m[K%ld[m[K’ expects argument of type ‘[01m[Klong int[m[K’, but argument 11 has type ‘[01m[KEigen::DenseCoeffsBase<Eigen::Matrix<int, 3, 1>, 1>::Scalar[m[K’ {aka ‘[01m[Kint[m[K’} [[01;35m[K-Wformat=[m[K]
   17 |         ROS_INFO([01;35m[K"JPS used map info: origin (%f,%f,%f), voxel_dim (%ld,%ld,%ld), map_data_size (%ld), resolution (%f)"[m[K,
      |                  [01;35m[K^~~~~~~~~~~~~~~~~~~~~~~~~~~~~~~~~~~~~~~~~~~~~~~~~~~~~~~~~~~~~~~~~~~~~~~~~~~~~~~~~~~~~~~~~~~~~~~~~~~~~[m[K
   18 |                     orig(0), orig(1), orig(2), [32m[Kvoxel_dim(0)[m[K, voxel_dim(1), voxel_dim(2), map_data.size(), res);
      |                                                [32m[K~~~~~~~~~~~~[m[K
      |                                                         [32m[K|[m[K
      |                                                         [32m[KEigen::DenseCoeffsBase<Eigen::Matrix<int, 3, 1>, 1>::Scalar {aka int}[m[K
[01m[K/opt/ros/noetic/include/ros/console.h:351:165:[m[K [01;36m[Knote: [m[Kin definition of macro ‘[01m[KROSCONSOLE_PRINT_AT_LOCATION_WITH_FILTER[m[K’
  351 |     ::ros::console::print(filter, __rosconsole_define_location__loc.logger_, __rosconsole_define_location__loc.level_, __FILE__, __LINE__, __ROSCONSOLE_FUNCTION__, [01;36m[K__VA_ARGS__[m[K)
      |                                                                                                                                                                     [01;36m[K^~~~~~~~~~~[m[K
[01m[K/opt/ros/noetic/include/ros/console.h:390:7:[m[K [01;36m[Knote: [m[Kin expansion of macro ‘[01m[KROSCONSOLE_PRINT_AT_LOCATION[m[K’
  390 |       [01;36m[KROSCONSOLE_PRINT_AT_LOCATION[m[K(__VA_ARGS__); \
      |       [01;36m[K^~~~~~~~~~~~~~~~~~~~~~~~~~~~[m[K
[01m[K/opt/ros/noetic/include/ros/console.h:575:35:[m[K [01;36m[Knote: [m[Kin expansion of macro ‘[01m[KROS_LOG_COND[m[K’
  575 | #define ROS_LOG(level, name, ...) [01;36m[KROS_LOG_COND[m[K(true, level, name, __VA_ARGS__)
      |                                   [01;36m[K^~~~~~~~~~~~[m[K
[01m[K/opt/ros/noetic/include/rosconsole/macros_generated.h:110:23:[m[K [01;36m[Knote: [m[Kin expansion of macro ‘[01m[KROS_LOG[m[K’
  110 | #define ROS_INFO(...) [01;36m[KROS_LOG[m[K(::ros::console::levels::Info, ROSCONSOLE_DEFAULT_NAME, __VA_ARGS__)
      |                       [01;36m[K^~~~~~~[m[K
[01m[K/home/cz_linux/Documents/Deviation_Considered_Planning/src/planning_module/grid_map_planner/src/planner_interface.cpp:17:9:[m[K [01;36m[Knote: [m[Kin expansion of macro ‘[01m[KROS_INFO[m[K’
   17 |         [01;36m[KROS_INFO[m[K("JPS used map info: origin (%f,%f,%f), voxel_dim (%ld,%ld,%ld), map_data_size (%ld), resolution (%f)",
      |         [01;36m[K^~~~~~~~[m[K
[01m[K/home/cz_linux/Documents/Deviation_Considered_Planning/src/planning_module/grid_map_planner/src/planner_interface.cpp:17:70:[m[K [01;36m[Knote: [m[Kformat string is defined here
   17 |         ROS_INFO("JPS used map info: origin (%f,%f,%f), voxel_dim ([01;36m[K%ld[m[K,%ld,%ld), map_data_size (%ld), resolution (%f)",
      |                                                                    [01;36m[K~~^[m[K
      |                                                                      [01;36m[K|[m[K
      |                                                                      [01;36m[Klong int[m[K
      |                                                                    [32m[K%d[m[K
In file included from [01m[K/opt/ros/noetic/include/ros/ros.h:40[m[K,
                 from [01m[K/home/cz_linux/Documents/Deviation_Considered_Planning/src/planning_module/grid_map_planner/include/grid_map_planner/planner_interface.h:6[m[K,
                 from [01m[K/home/cz_linux/Documents/Deviation_Considered_Planning/src/planning_module/grid_map_planner/src/planner_interface.cpp:1[m[K:
[01m[K/home/cz_linux/Documents/Deviation_Considered_Planning/src/planning_module/grid_map_planner/src/planner_interface.cpp:17:18:[m[K [01;35m[Kwarning: [m[Kformat ‘[01m[K%ld[m[K’ expects argument of type ‘[01m[Klong int[m[K’, but argument 12 has type ‘[01m[KEigen::DenseCoeffsBase<Eigen::Matrix<int, 3, 1>, 1>::Scalar[m[K’ {aka ‘[01m[Kint[m[K’} [[01;35m[K-Wformat=[m[K]
   17 |         ROS_INFO([01;35m[K"JPS used map info: origin (%f,%f,%f), voxel_dim (%ld,%ld,%ld), map_data_size (%ld), resolution (%f)"[m[K,
      |                  [01;35m[K^~~~~~~~~~~~~~~~~~~~~~~~~~~~~~~~~~~~~~~~~~~~~~~~~~~~~~~~~~~~~~~~~~~~~~~~~~~~~~~~~~~~~~~~~~~~~~~~~~~~~[m[K
   18 |                     orig(0), orig(1), orig(2), voxel_dim(0), [32m[Kvoxel_dim(1)[m[K, voxel_dim(2), map_data.size(), res);
      |                                                              [32m[K~~~~~~~~~~~~[m[K
      |                                                                       [32m[K|[m[K
      |                                                                       [32m[KEigen::DenseCoeffsBase<Eigen::Matrix<int, 3, 1>, 1>::Scalar {aka int}[m[K
[01m[K/opt/ros/noetic/include/ros/console.h:351:165:[m[K [01;36m[Knote: [m[Kin definition of macro ‘[01m[KROSCONSOLE_PRINT_AT_LOCATION_WITH_FILTER[m[K’
  351 |     ::ros::console::print(filter, __rosconsole_define_location__loc.logger_, __rosconsole_define_location__loc.level_, __FILE__, __LINE__, __ROSCONSOLE_FUNCTION__, [01;36m[K__VA_ARGS__[m[K)
      |                                                                                                                                                                     [01;36m[K^~~~~~~~~~~[m[K
[01m[K/opt/ros/noetic/include/ros/console.h:390:7:[m[K [01;36m[Knote: [m[Kin expansion of macro ‘[01m[KROSCONSOLE_PRINT_AT_LOCATION[m[K’
  390 |       [01;36m[KROSCONSOLE_PRINT_AT_LOCATION[m[K(__VA_ARGS__); \
      |       [01;36m[K^~~~~~~~~~~~~~~~~~~~~~~~~~~~[m[K
[01m[K/opt/ros/noetic/include/ros/console.h:575:35:[m[K [01;36m[Knote: [m[Kin expansion of macro ‘[01m[KROS_LOG_COND[m[K’
  575 | #define ROS_LOG(level, name, ...) [01;36m[KROS_LOG_COND[m[K(true, level, name, __VA_ARGS__)
      |                                   [01;36m[K^~~~~~~~~~~~[m[K
[01m[K/opt/ros/noetic/include/rosconsole/macros_generated.h:110:23:[m[K [01;36m[Knote: [m[Kin expansion of macro ‘[01m[KROS_LOG[m[K’
  110 | #define ROS_INFO(...) [01;36m[KROS_LOG[m[K(::ros::console::levels::Info, ROSCONSOLE_DEFAULT_NAME, __VA_ARGS__)
      |                       [01;36m[K^~~~~~~[m[K
[01m[K/home/cz_linux/Documents/Deviation_Considered_Planning/src/planning_module/grid_map_planner/src/planner_interface.cpp:17:9:[m[K [01;36m[Knote: [m[Kin expansion of macro ‘[01m[KROS_INFO[m[K’
   17 |         [01;36m[KROS_INFO[m[K("JPS used map info: origin (%f,%f,%f), voxel_dim (%ld,%ld,%ld), map_data_size (%ld), resolution (%f)",
      |         [01;36m[K^~~~~~~~[m[K
[01m[K/home/cz_linux/Documents/Deviation_Considered_Planning/src/planning_module/grid_map_planner/src/planner_interface.cpp:17:74:[m[K [01;36m[Knote: [m[Kformat string is defined here
   17 |         ROS_INFO("JPS used map info: origin (%f,%f,%f), voxel_dim (%ld,[01;36m[K%ld[m[K,%ld), map_data_size (%ld), resolution (%f)",
      |                                                                        [01;36m[K~~^[m[K
      |                                                                          [01;36m[K|[m[K
      |                                                                          [01;36m[Klong int[m[K
      |                                                                        [32m[K%d[m[K
In file included from [01m[K/opt/ros/noetic/include/ros/ros.h:40[m[K,
                 from [01m[K/home/cz_linux/Documents/Deviation_Considered_Planning/src/planning_module/grid_map_planner/include/grid_map_planner/planner_interface.h:6[m[K,
                 from [01m[K/home/cz_linux/Documents/Deviation_Considered_Planning/src/planning_module/grid_map_planner/src/planner_interface.cpp:1[m[K:
[01m[K/home/cz_linux/Documents/Deviation_Considered_Planning/src/planning_module/grid_map_planner/src/planner_interface.cpp:17:18:[m[K [01;35m[Kwarning: [m[Kformat ‘[01m[K%ld[m[K’ expects argument of type ‘[01m[Klong int[m[K’, but argument 13 has type ‘[01m[KEigen::DenseCoeffsBase<Eigen::Matrix<int, 3, 1>, 1>::Scalar[m[K’ {aka ‘[01m[Kint[m[K’} [[01;35m[K-Wformat=[m[K]
   17 |         ROS_INFO([01;35m[K"JPS used map info: origin (%f,%f,%f), voxel_dim (%ld,%ld,%ld), map_data_size (%ld), resolution (%f)"[m[K,
      |                  [01;35m[K^~~~~~~~~~~~~~~~~~~~~~~~~~~~~~~~~~~~~~~~~~~~~~~~~~~~~~~~~~~~~~~~~~~~~~~~~~~~~~~~~~~~~~~~~~~~~~~~~~~~~[m[K
   18 |                     orig(0), orig(1), orig(2), voxel_dim(0), voxel_dim(1), [32m[Kvoxel_dim(2)[m[K, map_data.size(), res);
      |                                                                            [32m[K~~~~~~~~~~~~[m[K
      |                                                                                     [32m[K|[m[K
      |                                                                                     [32m[KEigen::DenseCoeffsBase<Eigen::Matrix<int, 3, 1>, 1>::Scalar {aka int}[m[K
[01m[K/opt/ros/noetic/include/ros/console.h:351:165:[m[K [01;36m[Knote: [m[Kin definition of macro ‘[01m[KROSCONSOLE_PRINT_AT_LOCATION_WITH_FILTER[m[K’
  351 |     ::ros::console::print(filter, __rosconsole_define_location__loc.logger_, __rosconsole_define_location__loc.level_, __FILE__, __LINE__, __ROSCONSOLE_FUNCTION__, [01;36m[K__VA_ARGS__[m[K)
      |                                                                                                                                                                     [01;36m[K^~~~~~~~~~~[m[K
[01m[K/opt/ros/noetic/include/ros/console.h:390:7:[m[K [01;36m[Knote: [m[Kin expansion of macro ‘[01m[KROSCONSOLE_PRINT_AT_LOCATION[m[K’
  390 |       [01;36m[KROSCONSOLE_PRINT_AT_LOCATION[m[K(__VA_ARGS__); \
      |       [01;36m[K^~~~~~~~~~~~~~~~~~~~~~~~~~~~[m[K
[01m[K/opt/ros/noetic/include/ros/console.h:575:35:[m[K [01;36m[Knote: [m[Kin expansion of macro ‘[01m[KROS_LOG_COND[m[K’
  575 | #define ROS_LOG(level, name, ...) [01;36m[KROS_LOG_COND[m[K(true, level, name, __VA_ARGS__)
      |                                   [01;36m[K^~~~~~~~~~~~[m[K
[01m[K/opt/ros/noetic/include/rosconsole/macros_generated.h:110:23:[m[K [01;36m[Knote: [m[Kin expansion of macro ‘[01m[KROS_LOG[m[K’
  110 | #define ROS_INFO(...) [01;36m[KROS_LOG[m[K(::ros::console::levels::Info, ROSCONSOLE_DEFAULT_NAME, __VA_ARGS__)
      |                       [01;36m[K^~~~~~~[m[K
[01m[K/home/cz_linux/Documents/Deviation_Considered_Planning/src/planning_module/grid_map_planner/src/planner_interface.cpp:17:9:[m[K [01;36m[Knote: [m[Kin expansion of macro ‘[01m[KROS_INFO[m[K’
   17 |         [01;36m[KROS_INFO[m[K("JPS used map info: origin (%f,%f,%f), voxel_dim (%ld,%ld,%ld), map_data_size (%ld), resolution (%f)",
      |         [01;36m[K^~~~~~~~[m[K
[01m[K/home/cz_linux/Documents/Deviation_Considered_Planning/src/planning_module/grid_map_planner/src/planner_interface.cpp:17:78:[m[K [01;36m[Knote: [m[Kformat string is defined here
   17 |         ROS_INFO("JPS used map info: origin (%f,%f,%f), voxel_dim (%ld,%ld,[01;36m[K%ld[m[K), map_data_size (%ld), resolution (%f)",
      |                                                                            [01;36m[K~~^[m[K
      |                                                                              [01;36m[K|[m[K
      |                                                                              [01;36m[Klong int[m[K
      |                                                                            [32m[K%d[m[K
[ 40%] [32m[1mLinking CXX shared library /home/cz_linux/Documents/Deviation_Considered_Planning/devel/.private/grid_map_planner/lib/libgrid_map_planner.so[0m
[100%] Built target grid_map_planner
