Linked: (/home/cz_linux/Documents/Deviation_Considered_Planning/devel/.private/disturbance_sources/include/disturbance_sources/DisturbRatioResponse.h, /home/cz_linux/Documents/Deviation_Considered_Planning/devel/include/disturbance_sources/DisturbRatioResponse.h)
Linked: (/home/cz_linux/Documents/Deviation_Considered_Planning/devel/.private/disturbance_sources/include/disturbance_sources/DisturbRatio.h, /home/cz_linux/Documents/Deviation_Considered_Planning/devel/include/disturbance_sources/DisturbRatio.h)
Linked: (/home/cz_linux/Documents/Deviation_Considered_Planning/devel/.private/disturbance_sources/include/disturbance_sources/DisturbRatioRequest.h, /home/cz_linux/Documents/Deviation_Considered_Planning/devel/include/disturbance_sources/DisturbRatioRequest.h)
Linked: (/home/cz_linux/Documents/Deviation_Considered_Planning/devel/.private/disturbance_sources/share/gennodejs/ros/disturbance_sources/_index.js, /home/cz_linux/Documents/Deviation_Considered_Planning/devel/share/gennodejs/ros/disturbance_sources/_index.js)
Linked: (/home/cz_linux/Documents/Deviation_Considered_Planning/devel/.private/disturbance_sources/share/gennodejs/ros/disturbance_sources/srv/DisturbRatio.js, /home/cz_linux/Documents/Deviation_Considered_Planning/devel/share/gennodejs/ros/disturbance_sources/srv/DisturbRatio.js)
Linked: (/home/cz_linux/Documents/Deviation_Considered_Planning/devel/.private/disturbance_sources/share/gennodejs/ros/disturbance_sources/srv/_index.js, /home/cz_linux/Documents/Deviation_Considered_Planning/devel/share/gennodejs/ros/disturbance_sources/srv/_index.js)
Linked: (/home/cz_linux/Documents/Deviation_Considered_Planning/devel/.private/disturbance_sources/share/disturbance_sources/cmake/disturbance_sources-msg-paths.cmake, /home/cz_linux/Documents/Deviation_Considered_Planning/devel/share/disturbance_sources/cmake/disturbance_sources-msg-paths.cmake)
Linked: (/home/cz_linux/Documents/Deviation_Considered_Planning/devel/.private/disturbance_sources/share/disturbance_sources/cmake/disturbance_sources-msg-extras.cmake, /home/cz_linux/Documents/Deviation_Considered_Planning/devel/share/disturbance_sources/cmake/disturbance_sources-msg-extras.cmake)
Linked: (/home/cz_linux/Documents/Deviation_Considered_Planning/devel/.private/disturbance_sources/share/disturbance_sources/cmake/disturbance_sourcesConfig.cmake, /home/cz_linux/Documents/Deviation_Considered_Planning/devel/share/disturbance_sources/cmake/disturbance_sourcesConfig.cmake)
Linked: (/home/cz_linux/Documents/Deviation_Considered_Planning/devel/.private/disturbance_sources/share/disturbance_sources/cmake/disturbance_sourcesConfig-version.cmake, /home/cz_linux/Documents/Deviation_Considered_Planning/devel/share/disturbance_sources/cmake/disturbance_sourcesConfig-version.cmake)
Linked: (/home/cz_linux/Documents/Deviation_Considered_Planning/devel/.private/disturbance_sources/share/common-lisp/ros/disturbance_sources/srv/disturbance_sources-srv.asd, /home/cz_linux/Documents/Deviation_Considered_Planning/devel/share/common-lisp/ros/disturbance_sources/srv/disturbance_sources-srv.asd)
Linked: (/home/cz_linux/Documents/Deviation_Considered_Planning/devel/.private/disturbance_sources/share/common-lisp/ros/disturbance_sources/srv/_package_DisturbRatio.lisp, /home/cz_linux/Documents/Deviation_Considered_Planning/devel/share/common-lisp/ros/disturbance_sources/srv/_package_DisturbRatio.lisp)
Linked: (/home/cz_linux/Documents/Deviation_Considered_Planning/devel/.private/disturbance_sources/share/common-lisp/ros/disturbance_sources/srv/DisturbRatio.lisp, /home/cz_linux/Documents/Deviation_Considered_Planning/devel/share/common-lisp/ros/disturbance_sources/srv/DisturbRatio.lisp)
Linked: (/home/cz_linux/Documents/Deviation_Considered_Planning/devel/.private/disturbance_sources/share/common-lisp/ros/disturbance_sources/srv/_package.lisp, /home/cz_linux/Documents/Deviation_Considered_Planning/devel/share/common-lisp/ros/disturbance_sources/srv/_package.lisp)
Linked: (/home/cz_linux/Documents/Deviation_Considered_Planning/devel/.private/disturbance_sources/share/roseus/ros/disturbance_sources/manifest.l, /home/cz_linux/Documents/Deviation_Considered_Planning/devel/share/roseus/ros/disturbance_sources/manifest.l)
Linked: (/home/cz_linux/Documents/Deviation_Considered_Planning/devel/.private/disturbance_sources/share/roseus/ros/disturbance_sources/srv/DisturbRatio.l, /home/cz_linux/Documents/Deviation_Considered_Planning/devel/share/roseus/ros/disturbance_sources/srv/DisturbRatio.l)
Linked: (/home/cz_linux/Documents/Deviation_Considered_Planning/devel/.private/disturbance_sources/lib/libdisturbance_sources.so, /home/cz_linux/Documents/Deviation_Considered_Planning/devel/lib/libdisturbance_sources.so)
Linked: (/home/cz_linux/Documents/Deviation_Considered_Planning/devel/.private/disturbance_sources/lib/libdisturbance_map.so, /home/cz_linux/Documents/Deviation_Considered_Planning/devel/lib/libdisturbance_map.so)
Linked: (/home/cz_linux/Documents/Deviation_Considered_Planning/devel/.private/disturbance_sources/lib/disturbance_sources/disturbance_sources_node, /home/cz_linux/Documents/Deviation_Considered_Planning/devel/lib/disturbance_sources/disturbance_sources_node)
Linked: (/home/cz_linux/Documents/Deviation_Considered_Planning/devel/.private/disturbance_sources/lib/pkgconfig/disturbance_sources.pc, /home/cz_linux/Documents/Deviation_Considered_Planning/devel/lib/pkgconfig/disturbance_sources.pc)
Linked: (/home/cz_linux/Documents/Deviation_Considered_Planning/devel/.private/disturbance_sources/lib/python3/dist-packages/disturbance_sources/__init__.py, /home/cz_linux/Documents/Deviation_Considered_Planning/devel/lib/python3/dist-packages/disturbance_sources/__init__.py)
Linked: (/home/cz_linux/Documents/Deviation_Considered_Planning/devel/.private/disturbance_sources/lib/python3/dist-packages/disturbance_sources/srv/__init__.py, /home/cz_linux/Documents/Deviation_Considered_Planning/devel/lib/python3/dist-packages/disturbance_sources/srv/__init__.py)
Linked: (/home/cz_linux/Documents/Deviation_Considered_Planning/devel/.private/disturbance_sources/lib/python3/dist-packages/disturbance_sources/srv/_DisturbRatio.py, /home/cz_linux/Documents/Deviation_Considered_Planning/devel/lib/python3/dist-packages/disturbance_sources/srv/_DisturbRatio.py)
