[  0%] Built target std_msgs_generate_messages_lisp
[  0%] Built target std_msgs_generate_messages_eus
[  0%] Built target std_msgs_generate_messages_py
[  0%] Built target std_msgs_generate_messages_nodejs
[  0%] Built target pcl_ros_gencfg
[  0%] Built target dynamic_reconfigure_generate_messages_cpp
[  0%] Built target dynamic_reconfigure_generate_messages_eus
[  0%] Built target dynamic_reconfigure_generate_messages_nodejs
[  0%] Built target dynamic_reconfigure_generate_messages_lisp
[  0%] Built target std_msgs_generate_messages_cpp
[  0%] Built target geometry_msgs_generate_messages_cpp
[  0%] Built target dynamic_reconfigure_generate_messages_py
[  0%] Built target dynamic_reconfigure_gencfg
[  0%] Built target geometry_msgs_generate_messages_lisp
[  0%] Built target geometry_msgs_generate_messages_eus
[  0%] Built target geometry_msgs_generate_messages_nodejs
[  0%] Built target roscpp_generate_messages_cpp
[  0%] Built target roscpp_generate_messages_eus
[  0%] Built target roscpp_generate_messages_nodejs
[  0%] Built target roscpp_generate_messages_lisp
[  0%] Built target rosgraph_msgs_generate_messages_cpp
[  0%] Built target roscpp_generate_messages_py
[  0%] Built target geometry_msgs_generate_messages_py
[  9%] Built target rosgraph_msgs_generate_messages_eus
[ 18%] Built target disturbance_sources
[ 18%] Built target rosgraph_msgs_generate_messages_lisp
[ 18%] Built target nodelet_generate_messages_eus
[ 18%] Built target rosgraph_msgs_generate_messages_nodejs
[ 18%] Built target nodelet_generate_messages_cpp
[ 18%] Built target rosgraph_msgs_generate_messages_py
[ 18%] Built target nodelet_generate_messages_nodejs
[ 18%] Built target nodelet_generate_messages_py
[ 18%] Built target nodelet_generate_messages_lisp
[ 18%] Built target bond_generate_messages_eus
[ 18%] Built target bond_generate_messages_cpp
[ 18%] Built target bond_generate_messages_nodejs
[ 18%] Built target bond_generate_messages_py
[ 18%] Built target nodelet_topic_tools_gencfg
[ 18%] Built target pcl_msgs_generate_messages_cpp
[ 18%] Built target pcl_msgs_generate_messages_eus
[ 18%] Built target pcl_msgs_generate_messages_lisp
[ 18%] Built target bond_generate_messages_lisp
[ 18%] Built target pcl_msgs_generate_messages_nodejs
[ 18%] Built target sensor_msgs_generate_messages_cpp
[ 18%] Built target pcl_msgs_generate_messages_py
[ 18%] Built target sensor_msgs_generate_messages_py
[ 18%] Built target sensor_msgs_generate_messages_lisp
[ 18%] Built target std_srvs_generate_messages_eus
[ 18%] Built target std_srvs_generate_messages_lisp
[ 18%] Built target std_srvs_generate_messages_nodejs
[ 18%] Built target sensor_msgs_generate_messages_nodejs
[ 18%] Built target topic_tools_generate_messages_cpp
[ 18%] Built target std_srvs_generate_messages_py
[ 18%] Built target std_srvs_generate_messages_cpp
[ 18%] Built target sensor_msgs_generate_messages_eus
[ 18%] Built target topic_tools_generate_messages_eus
[ 18%] Built target tf_generate_messages_py
[ 18%] Built target tf_generate_messages_eus
[ 18%] Built target tf_generate_messages_cpp
[ 18%] Built target topic_tools_generate_messages_lisp
[ 18%] Built target topic_tools_generate_messages_nodejs
[ 18%] Built target topic_tools_generate_messages_py
[ 18%] Built target tf_generate_messages_lisp
[ 18%] Built target actionlib_generate_messages_cpp
[ 18%] Built target tf_generate_messages_nodejs
[ 18%] Built target actionlib_generate_messages_eus
[ 18%] Built target _disturbance_sources_generate_messages_check_deps_DisturbRatio
[ 18%] Built target actionlib_generate_messages_lisp
[ 18%] Built target actionlib_msgs_generate_messages_lisp
[ 18%] Built target actionlib_generate_messages_nodejs
[ 18%] Built target _catkin_empty_exported_target
[ 18%] Built target actionlib_msgs_generate_messages_py
[ 18%] Built target actionlib_msgs_generate_messages_nodejs
[ 18%] Built target actionlib_msgs_generate_messages_cpp
[ 18%] Built target tf2_msgs_generate_messages_cpp
[ 18%] Built target actionlib_generate_messages_py
[ 18%] Built target tf2_msgs_generate_messages_eus
[ 18%] Built target tf2_msgs_generate_messages_lisp
[ 18%] Built target actionlib_msgs_generate_messages_eus
[ 18%] Built target tf2_msgs_generate_messages_py
[ 18%] Built target tf2_msgs_generate_messages_nodejs
[ 36%] Built target disturbance_sources_generate_messages_cpp
[ 45%] Built target disturbance_sources_generate_messages_py
[ 54%] Built target disturbance_sources_generate_messages_nodejs
[ 72%] Built target disturbance_sources_generate_messages_eus
[ 81%] Built target disturbance_sources_generate_messages_lisp
[ 81%] Built target disturbance_sources_generate_messages
[100%] Built target disturbance_sources_node
