Linked: (/home/cz_linux/Documents/Deviation_Considered_Planning/devel/.private/reference_governor/share/reference_governor/cmake/reference_governorConfig.cmake, /home/cz_linux/Documents/Deviation_Considered_Planning/devel/share/reference_governor/cmake/reference_governorConfig.cmake)
Linked: (/home/cz_linux/Documents/Deviation_Considered_Planning/devel/.private/reference_governor/share/reference_governor/cmake/reference_governorConfig-version.cmake, /home/cz_linux/Documents/Deviation_Considered_Planning/devel/share/reference_governor/cmake/reference_governorConfig-version.cmake)
Linked: (/home/cz_linux/Documents/Deviation_Considered_Planning/devel/.private/reference_governor/lib/pkgconfig/reference_governor.pc, /home/cz_linux/Documents/Deviation_Considered_Planning/devel/lib/pkgconfig/reference_governor.pc)
Cleaning: (/home/cz_linux/Documents/Deviation_Considered_Planning/devel/.private/reference_governor/include/reference_governor/polyTraj.h, /home/cz_linux/Documents/Deviation_Considered_Planning/devel/include/reference_governor/polyTraj.h)
Cleaning: (/home/cz_linux/Documents/Deviation_Considered_Planning/devel/.private/reference_governor/share/gennodejs/ros/reference_governor/_index.js, /home/cz_linux/Documents/Deviation_Considered_Planning/devel/share/gennodejs/ros/reference_governor/_index.js)
Cleaning: (/home/cz_linux/Documents/Deviation_Considered_Planning/devel/.private/reference_governor/share/gennodejs/ros/reference_governor/msg/polyTraj.js, /home/cz_linux/Documents/Deviation_Considered_Planning/devel/share/gennodejs/ros/reference_governor/msg/polyTraj.js)
Cleaning: (/home/cz_linux/Documents/Deviation_Considered_Planning/devel/.private/reference_governor/share/gennodejs/ros/reference_governor/msg/_index.js, /home/cz_linux/Documents/Deviation_Considered_Planning/devel/share/gennodejs/ros/reference_governor/msg/_index.js)
Cleaning: (/home/cz_linux/Documents/Deviation_Considered_Planning/devel/.private/reference_governor/share/reference_governor/cmake/reference_governor-msg-extras.cmake, /home/cz_linux/Documents/Deviation_Considered_Planning/devel/share/reference_governor/cmake/reference_governor-msg-extras.cmake)
Cleaning: (/home/cz_linux/Documents/Deviation_Considered_Planning/devel/.private/reference_governor/share/reference_governor/cmake/reference_governor-msg-paths.cmake, /home/cz_linux/Documents/Deviation_Considered_Planning/devel/share/reference_governor/cmake/reference_governor-msg-paths.cmake)
Cleaning: (/home/cz_linux/Documents/Deviation_Considered_Planning/devel/.private/reference_governor/share/common-lisp/ros/reference_governor/msg/polyTraj.lisp, /home/cz_linux/Documents/Deviation_Considered_Planning/devel/share/common-lisp/ros/reference_governor/msg/polyTraj.lisp)
Cleaning: (/home/cz_linux/Documents/Deviation_Considered_Planning/devel/.private/reference_governor/share/common-lisp/ros/reference_governor/msg/reference_governor-msg.asd, /home/cz_linux/Documents/Deviation_Considered_Planning/devel/share/common-lisp/ros/reference_governor/msg/reference_governor-msg.asd)
Cleaning: (/home/cz_linux/Documents/Deviation_Considered_Planning/devel/.private/reference_governor/share/common-lisp/ros/reference_governor/msg/_package_polyTraj.lisp, /home/cz_linux/Documents/Deviation_Considered_Planning/devel/share/common-lisp/ros/reference_governor/msg/_package_polyTraj.lisp)
Cleaning: (/home/cz_linux/Documents/Deviation_Considered_Planning/devel/.private/reference_governor/share/common-lisp/ros/reference_governor/msg/_package.lisp, /home/cz_linux/Documents/Deviation_Considered_Planning/devel/share/common-lisp/ros/reference_governor/msg/_package.lisp)
Cleaning: (/home/cz_linux/Documents/Deviation_Considered_Planning/devel/.private/reference_governor/share/roseus/ros/reference_governor/manifest.l, /home/cz_linux/Documents/Deviation_Considered_Planning/devel/share/roseus/ros/reference_governor/manifest.l)
Cleaning: (/home/cz_linux/Documents/Deviation_Considered_Planning/devel/.private/reference_governor/share/roseus/ros/reference_governor/msg/polyTraj.l, /home/cz_linux/Documents/Deviation_Considered_Planning/devel/share/roseus/ros/reference_governor/msg/polyTraj.l)
Cleaning: (/home/cz_linux/Documents/Deviation_Considered_Planning/devel/.private/reference_governor/lib/reference_governor/reference_governor_node, /home/cz_linux/Documents/Deviation_Considered_Planning/devel/lib/reference_governor/reference_governor_node)
Cleaning: (/home/cz_linux/Documents/Deviation_Considered_Planning/devel/.private/reference_governor/lib/python3/dist-packages/reference_governor/__init__.py, /home/cz_linux/Documents/Deviation_Considered_Planning/devel/lib/python3/dist-packages/reference_governor/__init__.py)
Cleaning: (/home/cz_linux/Documents/Deviation_Considered_Planning/devel/.private/reference_governor/lib/python3/dist-packages/reference_governor/msg/__init__.py, /home/cz_linux/Documents/Deviation_Considered_Planning/devel/lib/python3/dist-packages/reference_governor/msg/__init__.py)
Cleaning: (/home/cz_linux/Documents/Deviation_Considered_Planning/devel/.private/reference_governor/lib/python3/dist-packages/reference_governor/msg/_polyTraj.py, /home/cz_linux/Documents/Deviation_Considered_Planning/devel/lib/python3/dist-packages/reference_governor/msg/_polyTraj.py)
Unlinking: /home/cz_linux/Documents/Deviation_Considered_Planning/devel/include/reference_governor/polyTraj.h
Already unlinked: {}
Unlinking: /home/cz_linux/Documents/Deviation_Considered_Planning/devel/share/gennodejs/ros/reference_governor/_index.js
Already unlinked: {}
Unlinking: /home/cz_linux/Documents/Deviation_Considered_Planning/devel/share/gennodejs/ros/reference_governor/msg/polyTraj.js
Already unlinked: {}
Unlinking: /home/cz_linux/Documents/Deviation_Considered_Planning/devel/share/gennodejs/ros/reference_governor/msg/_index.js
Already unlinked: {}
Unlinking: /home/cz_linux/Documents/Deviation_Considered_Planning/devel/share/reference_governor/cmake/reference_governor-msg-extras.cmake
Already unlinked: {}
Unlinking: /home/cz_linux/Documents/Deviation_Considered_Planning/devel/share/reference_governor/cmake/reference_governor-msg-paths.cmake
Already unlinked: {}
Unlinking: /home/cz_linux/Documents/Deviation_Considered_Planning/devel/share/common-lisp/ros/reference_governor/msg/polyTraj.lisp
Already unlinked: {}
Unlinking: /home/cz_linux/Documents/Deviation_Considered_Planning/devel/share/common-lisp/ros/reference_governor/msg/reference_governor-msg.asd
Already unlinked: {}
Unlinking: /home/cz_linux/Documents/Deviation_Considered_Planning/devel/share/common-lisp/ros/reference_governor/msg/_package_polyTraj.lisp
Already unlinked: {}
Unlinking: /home/cz_linux/Documents/Deviation_Considered_Planning/devel/share/common-lisp/ros/reference_governor/msg/_package.lisp
Already unlinked: {}
Unlinking: /home/cz_linux/Documents/Deviation_Considered_Planning/devel/share/roseus/ros/reference_governor/manifest.l
Already unlinked: {}
Unlinking: /home/cz_linux/Documents/Deviation_Considered_Planning/devel/share/roseus/ros/reference_governor/msg/polyTraj.l
Already unlinked: {}
Unlinking: /home/cz_linux/Documents/Deviation_Considered_Planning/devel/lib/reference_governor/reference_governor_node
Already unlinked: {}
Unlinking: /home/cz_linux/Documents/Deviation_Considered_Planning/devel/lib/python3/dist-packages/reference_governor/__init__.py
Already unlinked: {}
Unlinking: /home/cz_linux/Documents/Deviation_Considered_Planning/devel/lib/python3/dist-packages/reference_governor/msg/__init__.py
Already unlinked: {}
Unlinking: /home/cz_linux/Documents/Deviation_Considered_Planning/devel/lib/python3/dist-packages/reference_governor/msg/_polyTraj.py
Already unlinked: {}
