[  0%] Built target std_msgs_generate_messages_py
[  0%] Built target std_msgs_generate_messages_lisp
[  0%] Built target std_msgs_generate_messages_eus
[  0%] Built target std_msgs_generate_messages_nodejs
[  0%] Built target roscpp_generate_messages_lisp
[  0%] Built target roscpp_generate_messages_cpp
[  0%] Built target std_msgs_generate_messages_cpp
[  0%] Built target roscpp_generate_messages_eus
[  0%] Built target roscpp_generate_messages_nodejs
[  0%] Built target rosgraph_msgs_generate_messages_cpp
[  0%] Built target roscpp_generate_messages_py
[  0%] Built target rosgraph_msgs_generate_messages_lisp
[  0%] Built target rosgraph_msgs_generate_messages_eus
[  0%] Built target rosgraph_msgs_generate_messages_py
[  0%] Built target rosgraph_msgs_generate_messages_nodejs
[  0%] Built target _reference_governor_generate_messages_check_deps_polyTraj
[ 66%] Built target reference_governor_generate_messages_nodejs
[ 66%] Built target reference_governor_generate_messages_eus
[ 66%] Built target reference_governor_generate_messages_lisp
[ 66%] Built target reference_governor_generate_messages_py
[ 77%] Built target reference_governor_generate_messages_cpp
[ 77%] Built target reference_governor_generate_messages
[100%] Built target reference_governor_node
