[  0%] Built target std_msgs_generate_messages_py
[  0%] Built target std_msgs_generate_messages_eus
[  0%] Built target std_msgs_generate_messages_cpp
[  0%] Built target roscpp_generate_messages_lisp
[  0%] Built target std_msgs_generate_messages_lisp
[  0%] Built target roscpp_generate_messages_py
[  0%] Built target std_msgs_generate_messages_nodejs
[  0%] Built target roscpp_generate_messages_cpp
[  0%] Built target roscpp_generate_messages_eus
[  0%] Built target rosgraph_msgs_generate_messages_cpp
[  0%] Built target roscpp_generate_messages_nodejs
[  0%] Built target rosgraph_msgs_generate_messages_eus
[  0%] Built target rosgraph_msgs_generate_messages_nodejs
[  0%] Built target rosgraph_msgs_generate_messages_py
[  0%] Built target rosgraph_msgs_generate_messages_lisp
[  0%] Built target _reference_governor_generate_messages_check_deps_polyTraj
[ 33%] [34m[1mGenerating Javascript code from reference_governor/polyTraj.msg[0m
[ 33%] [34m[1mGenerating EusLisp code from reference_governor/polyTraj.msg[0m
[ 33%] [34m[1mGenerating Python from MSG reference_governor/polyTraj[0m
[ 44%] [34m[1mGenerating C++ code from reference_governor/polyTraj.msg[0m
[ 55%] [34m[1mGenerating EusLisp manifest code for reference_governor[0m
[ 66%] [34m[1mGenerating Lisp code from reference_governor/polyTraj.msg[0m
[ 66%] Built target reference_governor_generate_messages_nodejs
[ 66%] Built target reference_governor_generate_messages_lisp
[ 66%] Built target reference_governor_generate_messages_cpp
[ 77%] [34m[1mGenerating Python msg __init__.py for reference_governor[0m
[ 77%] Built target reference_governor_generate_messages_py
[ 77%] Built target reference_governor_generate_messages_eus
[ 77%] Built target reference_governor_generate_messages
[ 88%] [32mBuilding CXX object CMakeFiles/reference_governor_node.dir/src/governor.cpp.o[0m
[100%] [32m[1mLinking CXX executable /home/cz_linux/Documents/Deviation_Considered_Planning/devel/.private/reference_governor/lib/reference_governor/reference_governor_node[0m
[100%] Built target reference_governor_node
