[  0%] Built target std_msgs_generate_messages_cpp
[  0%] Built target std_msgs_generate_messages_lisp
[  0%] Built target std_msgs_generate_messages_py
[  0%] Built target std_msgs_generate_messages_eus
[  0%] Built target roscpp_generate_messages_cpp
[  0%] Built target roscpp_generate_messages_lisp
[  0%] Built target std_msgs_generate_messages_nodejs
[  0%] Built target roscpp_generate_messages_eus
[  0%] Built target roscpp_generate_messages_nodejs
[  0%] Built target roscpp_generate_messages_py
[  0%] Built target rosgraph_msgs_generate_messages_cpp
[  0%] Built target rosgraph_msgs_generate_messages_eus
[  0%] Built target rosgraph_msgs_generate_messages_lisp
[  0%] Built target rosgraph_msgs_generate_messages_nodejs
[  0%] Built target rosgraph_msgs_generate_messages_py
[  0%] Built target _reference_governor_generate_messages_check_deps_polyTraj
[ 55%] Built target reference_governor_generate_messages_nodejs
[ 55%] Built target reference_governor_generate_messages_cpp
[ 66%] Built target reference_governor_generate_messages_py
[ 66%] Built target reference_governor_generate_messages_eus
[ 77%] Built target reference_governor_generate_messages_lisp
[ 77%] Built target reference_governor_generate_messages
[ 88%] [32mBuilding CXX object CMakeFiles/reference_governor_node.dir/src/governor.cpp.o[0m
In file included from [01m[K/home/cz_linux/Documents/Deviation_Considered_Planning/src/planning_module/reference_governor/src/governor.cpp:1[m[K:
[01m[K/home/cz_linux/Documents/Deviation_Considered_Planning/src/planning_module/reference_governor/include/reference_governor/governor.h:15:10:[m[K [01;31m[Kfatal error: [m[Kpcl/point_cloud.h: 没有那个文件或目录
   15 | #include [01;31m[K<pcl/point_cloud.h>[m[K
      |          [01;31m[K^~~~~~~~~~~~~~~~~~~[m[K
compilation terminated.
make[2]: *** [CMakeFiles/reference_governor_node.dir/build.make:76：CMakeFiles/reference_governor_node.dir/src/governor.cpp.o] 错误 1
make[1]: *** [CMakeFiles/Makefile2:1026：CMakeFiles/reference_governor_node.dir/all] 错误 2
make: *** [Makefile:146：all] 错误 2
